<?xml version="1.0" encoding="UTF-8"?>
<!-- Generated by org.testng.reporters.JUnitXMLReporter -->
<testsuite hostname="DESKTOP-R1NCR26" ignored="0" name="AutomationPractice Application Test Cases" tests="5" failures="0" timestamp="23 Feb 2022 09:38:35 GMT" time="115.409" errors="0">
  <testcase name="GoToHomepage" time="7.581" classname="com.automationpractice.qa.testcases.MyAccountPageTest"/>
  <testcase name="HomePageTitleTest" time="0.029" classname="com.automationpractice.qa.testcases.HomePageTest"/>
  <testcase name="VerifyAuthenticationSignIn" time="5.628" classname="com.automationpractice.qa.testcases.AuthenticationSignInPageTest"/>
  <testcase name="automationpracticeLogoImageTest" time="0.093" classname="com.automationpractice.qa.testcases.HomePageTest"/>
  <testcase name="SignInbtnClickTest" time="2.583" classname="com.automationpractice.qa.testcases.HomePageTest"/>
</testsuite> <!-- AutomationPractice Application Test Cases -->
