<?xml version="1.0" encoding="UTF-8"?>
<!-- Generated by org.testng.reporters.JUnitXMLReporter -->
<testsuite ignored="0" hostname="DESKTOP-R1NCR26" failures="0" tests="5" name="AutomationPractice Application Test Cases" time="148.513" errors="0" timestamp="2022-02-11T13:10:16 GMT-05:00">
  <testcase classname="com.automationpractice.qa.testcases.HomePageTest" name="HomePageTitleTest" time="0.033"/>
  <testcase classname="com.automationpractice.qa.testcases.HomePageTest" name="automationpracticeLogoImageTest" time="0.098"/>
  <testcase classname="com.automationpractice.qa.testcases.HomePageTest" name="SignInbtnClickTest" time="8.624"/>
  <testcase classname="com.automationpractice.qa.testcases.AuthenticationSignInPageTest" name="VerifyAuthenticationSignIn" time="11.682"/>
  <testcase classname="com.automationpractice.qa.testcases.MyAccountPageTest" name="GoToHomepage" time="14.11"/>
</testsuite> <!-- AutomationPractice Application Test Cases -->
